[debug] [2017-08-29T21:02:11.780Z] ----------------------------------------------------------------------
[debug] [2017-08-29T21:02:11.788Z] Command:       /usr/local/bin/node /usr/local/bin/firebase deploy
[debug] [2017-08-29T21:02:11.791Z] CLI Version:   3.9.2
[debug] [2017-08-29T21:02:11.791Z] Platform:      darwin
[debug] [2017-08-29T21:02:11.791Z] Node Version:  v6.9.1
[debug] [2017-08-29T21:02:11.792Z] Time:          Wed Aug 30 2017 00:02:11 GMT+0300 (+03)
[debug] [2017-08-29T21:02:11.792Z] ----------------------------------------------------------------------
[debug] 
[debug] [2017-08-29T21:02:11.842Z] > command requires scopes: ["email","openid","https://www.googleapis.com/auth/cloudplatformprojects.readonly","https://www.googleapis.com/auth/firebase","https://www.googleapis.com/auth/cloud-platform"]
[debug] [2017-08-29T21:02:11.842Z] > authorizing via signed-in user
[debug] [2017-08-29T21:02:11.849Z] >>> HTTP REQUEST GET https://admin.firebase.com/v1/projects/phpanaliz-6baf2  
 Wed Aug 30 2017 00:02:11 GMT+0300 (+03)
[debug] [2017-08-29T21:02:12.796Z] <<< HTTP RESPONSE 200
[debug] [2017-08-29T21:02:12.798Z] >>> HTTP REQUEST GET https://admin.firebase.com/v1/database/phpanaliz-6baf2/tokens  
 Wed Aug 30 2017 00:02:12 GMT+0300 (+03)
[debug] [2017-08-29T21:02:13.605Z] <<< HTTP RESPONSE 200
[info] 
[info] === Deploying to 'phpanaliz-6baf2'...
[info] 
[info] i  deploying hosting
[info] i  hosting: preparing public directory for upload...
[debug] [2017-08-29T21:02:15.793Z] >>> HTTP REQUEST PUT https://deploy.firebase.com/v1/hosting/phpanaliz-6baf2/uploads/-KsjnJJ4tvpBrfdtdI40?fileCount=31&message=  
 Wed Aug 30 2017 00:02:15 GMT+0300 (+03)
